(k,t,s,w,a,r,send,in)
0:(0,0,0,1,0,0,true,true)
1:(0,1,0,1,0,0,false,true)
2:(0,2,0,1,0,0,false,true)
3:(1,0,0,1,0,0,true,true)
4:(1,0,0,1,1,0,false,false)
5:(1,0,0,1,1,9,false,false)
6:(1,0,0,2,0,0,true,true)
7:(1,0,0,2,1,0,false,true)
8:(1,1,0,1,0,0,false,true)
9:(1,1,0,2,0,0,false,true)
10:(1,1,1,1,0,0,false,true)
11:(1,1,2,1,0,0,false,true)
12:(1,2,0,1,0,0,false,true)
13:(1,2,0,2,0,0,false,true)
14:(1,2,1,1,0,0,false,true)
15:(1,2,2,1,0,0,false,true)
16:(2,0,0,1,0,0,true,true)
17:(2,0,0,1,1,0,false,false)
18:(2,0,0,1,1,9,false,false)
19:(2,0,0,2,0,0,true,true)
20:(2,0,0,2,1,0,false,false)
21:(2,0,0,2,1,0,false,true)
22:(2,0,0,2,1,4,false,false)
23:(2,0,0,2,1,5,false,false)
24:(2,0,0,2,1,6,false,false)
25:(2,0,0,2,1,7,false,false)
26:(2,0,0,2,1,8,false,false)
27:(2,0,0,3,0,0,true,true)
28:(2,0,0,3,1,0,false,false)
29:(2,0,0,3,1,0,false,true)
30:(2,0,0,4,0,0,true,true)
31:(2,0,0,4,1,0,false,false)
32:(2,0,0,4,1,0,false,true)
33:(2,0,0,5,0,0,true,true)
34:(2,0,0,5,1,0,false,false)
35:(2,0,0,5,1,0,false,true)
36:(2,0,0,5,1,3,false,false)
37:(2,0,0,6,0,0,true,true)
38:(2,0,0,6,1,0,false,false)
39:(2,0,0,6,1,0,false,true)
40:(2,0,0,6,1,1,false,false)
41:(2,0,0,6,1,2,false,false)
42:(2,1,0,1,0,0,false,true)
43:(2,1,0,2,0,0,false,true)
44:(2,1,0,3,0,0,false,true)
45:(2,1,0,4,0,0,false,true)
46:(2,1,0,5,0,0,false,true)
47:(2,1,0,6,0,0,false,true)
48:(2,1,1,1,0,0,false,true)
49:(2,1,1,2,0,0,false,true)
50:(2,1,1,3,0,0,false,true)
51:(2,1,1,4,0,0,false,true)
52:(2,1,1,5,0,0,false,true)
53:(2,1,1,6,0,0,false,true)
54:(2,1,2,1,0,0,false,true)
55:(2,1,2,2,0,0,false,true)
56:(2,1,2,3,0,0,false,true)
57:(2,1,2,4,0,0,false,true)
58:(2,1,2,5,0,0,false,true)
59:(2,1,2,6,0,0,false,true)
60:(2,2,0,1,0,0,false,true)
61:(2,2,0,2,0,0,false,true)
62:(2,2,0,3,0,0,false,true)
63:(2,2,0,4,0,0,false,true)
64:(2,2,0,5,0,0,false,true)
65:(2,2,0,6,0,0,false,true)
66:(2,2,1,1,0,0,false,true)
67:(2,2,1,2,0,0,false,true)
68:(2,2,1,3,0,0,false,true)
69:(2,2,1,4,0,0,false,true)
70:(2,2,1,5,0,0,false,true)
71:(2,2,1,6,0,0,false,true)
72:(2,2,2,1,0,0,false,true)
73:(2,2,2,2,0,0,false,true)
74:(2,2,2,3,0,0,false,true)
75:(2,2,2,4,0,0,false,true)
76:(2,2,2,5,0,0,false,true)
77:(2,2,2,6,0,0,false,true)
